<?xml version="1.0" encoding="UTF-8"?>
<robot generator="Robot 4.0.2 (Python 3.8.5 on linux)" generated="20210612 22:19:15.879" rpa="false" schemaversion="2">
<suite id="s1" name="PlantNet" source="/home/tester/workplace/robot1/PlantNet.robot">
<test id="s1-t1" name="Mak: Check plant name on palntnet.org Test">
<kw name="Open Firefox" library="keywords">
<kw name="Open Browser" library="SeleniumLibrary">
<arg>about:blank</arg>
<arg>${Browser}</arg>
<doc>Opens a new browser instance to the optional ``url``.</doc>
<msg timestamp="20210612 22:19:16.099" level="INFO">Opening browser 'Firefox' to base url 'about:blank'.</msg>
<msg timestamp="20210612 22:19:16.100" level="INFO">Firefox driver log is always forced to to: /home/tester/workplace/robot1/geckodriver-4.log</msg>
<status status="PASS" starttime="20210612 22:19:16.099" endtime="20210612 22:19:23.465"/>
</kw>
<status status="PASS" starttime="20210612 22:19:16.098" endtime="20210612 22:19:23.484"/>
</kw>
<kw name="Enter plantnet.org/" library="keywords">
<kw name="Go To" library="SeleniumLibrary">
<arg>${plantnet}</arg>
<doc>Navigates the current browser window to the provided ``url``.</doc>
<msg timestamp="20210612 22:19:23.489" level="INFO">Opening url 'https://identify.plantnet.org/'</msg>
<status status="PASS" starttime="20210612 22:19:23.488" endtime="20210612 22:19:33.149"/>
</kw>
<status status="PASS" starttime="20210612 22:19:23.488" endtime="20210612 22:19:33.150"/>
</kw>
<kw name="Add first image" library="keywords">
<kw name="Choose File" library="SeleniumLibrary">
<arg>${chooseFileButton}</arg>
<arg>${filepath1}</arg>
<doc>Inputs the ``file_path`` into the file input field ``locator``.</doc>
<msg timestamp="20210612 22:19:33.155" level="INFO">Sending /home/tester/workplace/robot1/images/MAK.png to browser.</msg>
<status status="PASS" starttime="20210612 22:19:33.153" endtime="20210612 22:19:35.618"/>
</kw>
<kw name="Sleep" library="BuiltIn">
<arg>7</arg>
<doc>Pauses the test executed for the given time.</doc>
<msg timestamp="20210612 22:19:42.619" level="INFO">Slept 7 seconds</msg>
<status status="PASS" starttime="20210612 22:19:35.618" endtime="20210612 22:19:42.622"/>
</kw>
<status status="PASS" starttime="20210612 22:19:33.150" endtime="20210612 22:19:42.623"/>
</kw>
<kw name="Check if flower1 name is displayed" library="keywords">
<kw name="Element Should Be Visible" library="SeleniumLibrary">
<arg>${flowerName1}</arg>
<arg>message=None</arg>
<doc>Verifies that the element identified by ``locator`` is visible.</doc>
<msg timestamp="20210612 22:19:42.916" level="INFO">Element 'xpath: //*[contains(text(), "Papaver rhoeas")]' is displayed.</msg>
<status status="PASS" starttime="20210612 22:19:42.625" endtime="20210612 22:19:42.917"/>
</kw>
<status status="PASS" starttime="20210612 22:19:42.624" endtime="20210612 22:19:42.917"/>
</kw>
<kw name="Close browser" library="keywords">
<kw name="Close All Browsers" library="SeleniumLibrary">
<doc>Closes all open browsers and resets the browser cache.</doc>
<status status="PASS" starttime="20210612 22:19:42.924" endtime="20210612 22:19:44.580"/>
</kw>
<status status="PASS" starttime="20210612 22:19:42.918" endtime="20210612 22:19:44.580"/>
</kw>
<status status="PASS" starttime="20210612 22:19:16.097" endtime="20210612 22:19:44.581"/>
</test>
<test id="s1-t2" name="Gozdzik: Check plant name on palntnet.org Test">
<kw name="Open Firefox" library="keywords">
<kw name="Open Browser" library="SeleniumLibrary">
<arg>about:blank</arg>
<arg>${Browser}</arg>
<doc>Opens a new browser instance to the optional ``url``.</doc>
<msg timestamp="20210612 22:19:44.583" level="INFO">Opening browser 'Firefox' to base url 'about:blank'.</msg>
<msg timestamp="20210612 22:19:44.584" level="INFO">Firefox driver log is always forced to to: /home/tester/workplace/robot1/geckodriver-5.log</msg>
<status status="PASS" starttime="20210612 22:19:44.583" endtime="20210612 22:19:52.000"/>
</kw>
<status status="PASS" starttime="20210612 22:19:44.582" endtime="20210612 22:19:52.002"/>
</kw>
<kw name="Enter plantnet.org/" library="keywords">
<kw name="Go To" library="SeleniumLibrary">
<arg>${plantnet}</arg>
<doc>Navigates the current browser window to the provided ``url``.</doc>
<msg timestamp="20210612 22:19:52.008" level="INFO">Opening url 'https://identify.plantnet.org/'</msg>
<status status="PASS" starttime="20210612 22:19:52.007" endtime="20210612 22:20:01.800"/>
</kw>
<status status="PASS" starttime="20210612 22:19:52.007" endtime="20210612 22:20:01.801"/>
</kw>
<kw name="Add second image" library="keywords">
<kw name="Choose File" library="SeleniumLibrary">
<arg>${chooseFileButton}</arg>
<arg>${filepath2}</arg>
<doc>Inputs the ``file_path`` into the file input field ``locator``.</doc>
<msg timestamp="20210612 22:20:01.802" level="INFO">Sending /home/tester/workplace/robot1/images/gozdzik.png to browser.</msg>
<status status="PASS" starttime="20210612 22:20:01.802" endtime="20210612 22:20:03.919"/>
</kw>
<kw name="Sleep" library="BuiltIn">
<arg>7</arg>
<doc>Pauses the test executed for the given time.</doc>
<msg timestamp="20210612 22:20:10.920" level="INFO">Slept 7 seconds</msg>
<status status="PASS" starttime="20210612 22:20:03.919" endtime="20210612 22:20:10.920"/>
</kw>
<status status="PASS" starttime="20210612 22:20:01.801" endtime="20210612 22:20:10.921"/>
</kw>
<kw name="Check if flower2 name is displayed" library="keywords">
<kw name="Element Should Be Visible" library="SeleniumLibrary">
<arg>${flowerName2}</arg>
<arg>message=None</arg>
<doc>Verifies that the element identified by ``locator`` is visible.</doc>
<msg timestamp="20210612 22:20:11.076" level="INFO">Element 'xpath: //*[contains(text(), "Dianthus caryophyllus")]' is displayed.</msg>
<status status="PASS" starttime="20210612 22:20:10.922" endtime="20210612 22:20:11.076"/>
</kw>
<status status="PASS" starttime="20210612 22:20:10.921" endtime="20210612 22:20:11.076"/>
</kw>
<kw name="Close browser" library="keywords">
<kw name="Close All Browsers" library="SeleniumLibrary">
<doc>Closes all open browsers and resets the browser cache.</doc>
<status status="PASS" starttime="20210612 22:20:11.078" endtime="20210612 22:20:12.883"/>
</kw>
<status status="PASS" starttime="20210612 22:20:11.077" endtime="20210612 22:20:12.883"/>
</kw>
<status status="PASS" starttime="20210612 22:19:44.582" endtime="20210612 22:20:12.883"/>
</test>
<test id="s1-t3" name="Zonkil: Check plant name on palntnet.org Test">
<kw name="Open Firefox" library="keywords">
<kw name="Open Browser" library="SeleniumLibrary">
<arg>about:blank</arg>
<arg>${Browser}</arg>
<doc>Opens a new browser instance to the optional ``url``.</doc>
<msg timestamp="20210612 22:20:12.886" level="INFO">Opening browser 'Firefox' to base url 'about:blank'.</msg>
<msg timestamp="20210612 22:20:12.887" level="INFO">Firefox driver log is always forced to to: /home/tester/workplace/robot1/geckodriver-6.log</msg>
<status status="PASS" starttime="20210612 22:20:12.886" endtime="20210612 22:20:20.351"/>
</kw>
<status status="PASS" starttime="20210612 22:20:12.885" endtime="20210612 22:20:20.351"/>
</kw>
<kw name="Enter plantnet.org/" library="keywords">
<kw name="Go To" library="SeleniumLibrary">
<arg>${plantnet}</arg>
<doc>Navigates the current browser window to the provided ``url``.</doc>
<msg timestamp="20210612 22:20:20.364" level="INFO">Opening url 'https://identify.plantnet.org/'</msg>
<status status="PASS" starttime="20210612 22:20:20.363" endtime="20210612 22:20:30.023"/>
</kw>
<status status="PASS" starttime="20210612 22:20:20.356" endtime="20210612 22:20:30.024"/>
</kw>
<kw name="Add third image" library="keywords">
<kw name="Choose File" library="SeleniumLibrary">
<arg>${chooseFileButton}</arg>
<arg>${filepath3}</arg>
<doc>Inputs the ``file_path`` into the file input field ``locator``.</doc>
<msg timestamp="20210612 22:20:30.029" level="INFO">Sending /home/tester/workplace/robot1/images/zonkil.png to browser.</msg>
<status status="PASS" starttime="20210612 22:20:30.028" endtime="20210612 22:20:32.350"/>
</kw>
<kw name="Sleep" library="BuiltIn">
<arg>7</arg>
<doc>Pauses the test executed for the given time.</doc>
<msg timestamp="20210612 22:20:39.351" level="INFO">Slept 7 seconds</msg>
<status status="PASS" starttime="20210612 22:20:32.350" endtime="20210612 22:20:39.354"/>
</kw>
<status status="PASS" starttime="20210612 22:20:30.028" endtime="20210612 22:20:39.358"/>
</kw>
<kw name="Check if flower3 name is displayed" library="keywords">
<kw name="Element Should Be Visible" library="SeleniumLibrary">
<arg>${flowerName3}</arg>
<arg>message=None</arg>
<doc>Verifies that the element identified by ``locator`` is visible.</doc>
<msg timestamp="20210612 22:20:39.575" level="INFO">Element 'xpath: //*[contains(text(), "Narcissus")]' is displayed.</msg>
<status status="PASS" starttime="20210612 22:20:39.361" endtime="20210612 22:20:39.575"/>
</kw>
<status status="PASS" starttime="20210612 22:20:39.360" endtime="20210612 22:20:39.576"/>
</kw>
<kw name="Close browser" library="keywords">
<kw name="Close All Browsers" library="SeleniumLibrary">
<doc>Closes all open browsers and resets the browser cache.</doc>
<status status="PASS" starttime="20210612 22:20:39.592" endtime="20210612 22:20:41.308"/>
</kw>
<status status="PASS" starttime="20210612 22:20:39.582" endtime="20210612 22:20:41.309"/>
</kw>
<status status="PASS" starttime="20210612 22:20:12.884" endtime="20210612 22:20:41.309"/>
</test>
<status status="PASS" starttime="20210612 22:19:15.880" endtime="20210612 22:20:41.311"/>
</suite>
<statistics>
<total>
<stat pass="3" fail="0" skip="0">All Tests</stat>
</total>
<tag>
</tag>
<suite>
<stat pass="3" fail="0" skip="0" id="s1" name="PlantNet">PlantNet</stat>
</suite>
</statistics>
<errors>
</errors>
</robot>
